C:\Program Files\dotnet\sdk\7.0.400-preview.23274.1\Sdks\Microsoft.NET.Sdk\targets\Microsoft.NET.RuntimeIdentifierInference.targets(287,5): message NETSDK1057: You are using a preview version of .NET. See: https://aka.ms/dotnet-support-policy
  StdAfx.cpp
  Actor.cpp
  ActorShape.cpp
  Aggregate.cpp
  Articulation.cpp
  ArticulationJoint.cpp
  ArticulationLink.cpp
  AssemblyInfo.cpp
  BatchQuery.cpp
  BitAndData.cpp
  Bounds3.cpp
  BoxController.cpp
  BoxControllerDesc.cpp
  BoxObstacle.cpp
  BroadPhase.cpp
  BroadPhaseCallback.cpp
  BroadPhaseExt.cpp
  Bvh33MidphaseDesc.cpp
  Bvh34MidphaseDesc.cpp
  CapsuleController.cpp
  CapsuleControllerDesc.cpp
  CapsuleObstacle.cpp
  ConstraintShaderTable.cpp
  ContactModifyCallback.cpp
  ContactModifyPair.cpp
  ContactPair.cpp
  ContactPairHeader.cpp
  ContactPairPoint.cpp
  ContactPatch.cpp
  ContactPatchBase.cpp
  ContactSet.cpp
  ControllerHit.cpp
  Collection.cpp
  Constraint.cpp
  Constraint1D.cpp
  ConstraintConnector.cpp
  ConstraintDesc.cpp
  ControllerStats.cpp
  DominanceGroupPair.cpp
  ConstraintInfo.cpp
  ControllerState.cpp
  CudaContextManager.cpp
  ExtendedContact.cpp
  GeometryHolder.cpp
  GeometryQuery.cpp
  GpuLoadHookManager.cpp
  IGpuLoadHook.cpp
C:\Users\Ant\Downloads\PhysX.Net-412-net6\PhysX.Net-412-net6\PhysX.Net\PhysX.Net\Source\DominanceGroupPair.cpp(17,81): warning C4244: 'argument': conversion from 'float' to 'physx::PxU8', possible loss of data
C:\Users\Ant\Downloads\PhysX.Net-412-net6\PhysX.Net-412-net6\PhysX.Net\PhysX.Net\Source\DominanceGroupPair.cpp(17,49): warning C4244: 'argument': conversion from 'float' to 'physx::PxU8', possible loss of data
  InternalOverlapCallback.cpp
  InternalRaycastCallback.cpp
  InternalSweepCallback.cpp
C:\Users\Ant\Downloads\PhysX.Net-412-net6\PhysX.Net-412-net6\PhysX.Net\PhysX.Net\Source\GpuLoadHookManager.cpp(22,8): warning C4267: 'initializing': conversion from 'size_t' to 'int', possible loss of data
C:\Users\Ant\Downloads\PhysX.Net-412-net6\PhysX.Net-412-net6\PhysX.Net\PhysX.Net\Source\GpuLoadHookManager.cpp(25,2): warning C4996: 'strcpy': This function or variable may be unsafe. Consider using strcpy_s instead. To disable deprecation, use _CRT_SECURE_NO_WARNINGS. See online help for details.
  IVehicleComputeTireForceInput.cpp
  IVehicleComputeTireForceOutput.cpp
  JointAngularLimitPair.cpp
  JointLinearLimit.cpp
  MassProperties.cpp
  MidphaseDesc.cpp
  ModifiableContact.cpp
  Controller.cpp
  ControllerBehaviorCallback.cpp
  ControllerDesc.cpp
  ControllerFilters.cpp
  ControllerManager.cpp
  ControllerObstacleHit.cpp
C:\Users\Ant\Downloads\PhysX.Net-412-net6\PhysX.Net-412-net6\PhysX.Net\PhysX.Net\Source\MassProperties.cpp(79,33): warning C4267: 'initializing': conversion from 'size_t' to 'int', possible loss of data
C:\Users\Ant\Downloads\PhysX.Net-412-net6\PhysX.Net-412-net6\PhysX.Net\PhysX.Net\Source\MassProperties.cpp(80,51): warning C4267: 'initializing': conversion from 'size_t' to 'int', possible loss of data
  ControllerShapeHit.cpp
  ControllersHit.cpp
  ConvexMesh.cpp
  ConvexMeshDesc.cpp
  ConvexMeshGeometry.cpp
  Cooking.cpp
  CookingParams.cpp
  D6Joint.cpp
  D6JointDrive.cpp
  DebugLine.cpp
  DebugPoint.cpp
  DebugText.cpp
  DebugTriangle.cpp
  DefaultMemoryInputData.cpp
  DistanceJoint.cpp
  ErrorCallback.cpp
  FixedJoint.cpp
  FixedSizeLookupTable.cpp
  Foundation.cpp
  HeightField.cpp
  HeightFieldDesc.cpp
  HeightFieldGeometry.cpp
  HeightFieldSample.cpp
  HullPolygon.cpp
  InputData.cpp
  InputStream.cpp
  Joint.cpp
  JointLimitCone.cpp
  JointLinearLimitPair.cpp
  JointLimitParameters.cpp
  LockedData.cpp
  MeshScale.cpp
  ObjectTable.Disposal.cpp
  ObjectTable.Get.cpp
  DefaultMemoryOutputStream.cpp
  Obstacle.cpp
  ObstacleContext.cpp
  OperationFailedException.cpp
  OutputStream.cpp
  OverlapHit.cpp
  PhysXEntity.cpp
  PrismaticJoint.cpp
  QueryCache.cpp
  QueryFilterCallback.cpp
  RaycastCCDManager.cpp
  RaycastHit.cpp
  RaycastQueryResult.cpp
  RenderBuffer.cpp
  RevoluteJoint.cpp
  RigidActorExt.cpp
  RigidBody.cpp
  RigidDynamic.cpp
  RigidStatic.cpp
  RuntimeFileChecks.cpp
  LocationHit.cpp
C:\Users\Ant\Downloads\PhysX.Net-412-net6\PhysX.Net-412-net6\PhysX.Net\PhysX.Net\Source\RigidActorExt.cpp(79,20): warning C4018: '<': signed/unsigned mismatch
  SceneLimits.cpp
C:\Users\Ant\Downloads\PhysX.Net-412-net6\PhysX.Net-412-net6\PhysX.Net\PhysX.Net\Source\RaycastCCDManager.cpp(31): warning C4715: 'PhysX::RaycastCCDManager::RegisterRaycastCCDObject': not all control paths return a value
  SceneSweepOperationObject.cpp
  Serializable.cpp
  Serialization.cpp
  SerializationRegistry.cpp
  SimpleContact.cpp
  SimpleTriangleMesh.cpp
  SimulationEventCallback.cpp
  DefaultSimulationFilterShader.cpp
  SimulationFilterCallback.cpp
  SimulationFilterShader.cpp
  SimulationStatistics.cpp
  SphericalJoint.cpp
  Spring.cpp
  StreamExtensions.cpp
  Transform.cpp
  TriangleMeshEnum.cpp
  VectorAndMatrixExtensions.cpp
  VehicleAntiRollBarData.cpp
  VehicleConcurrentUpdateData.cpp
  VehicleWheelConcurrentUpdateData.cpp
  VehicleWheelsDynData.cpp
  SweepHit.cpp
  TriangleMesh.cpp
  TriangleMeshDesc.cpp
  TriangleMeshGeometry.cpp
  TriggerPair.cpp
  UserControllerHitReport.cpp
  VehicleAckermannGeometryData.cpp
  VehicleAutoBoxData.cpp
  VehicleChassisData.cpp
  VehicleClutchData.cpp
  VehicleDifferential4WData.cpp
  VehicleDrive.cpp
  VehicleDrive4W.cpp
  VehicleDriveDynData.cpp
  VehicleDriveSimData.cpp
  VehicleDriveSimData4W.cpp
  VehicleEngineData.cpp
  VehicleGearsData.cpp
  VehicleGraph.cpp
  VehicleGraphChannelDesc.cpp
  VehicleKeySmoothingData.cpp
  VehiclePadSmoothingData.cpp
  VehicleSDK.cpp
  VehicleSuspensionData.cpp
  VehicleTyreData.cpp
  VehicleTireLoadFilterData.cpp
  VehicleWheelData.cpp
  VehicleWheelQueryResult.cpp
  VehicleWheels.cpp
  VehicleWheelsSimData.cpp
  VehicleWheelValues.cpp
  Pvd.cpp
  XmlParserOptions.cpp
  BoxGeometry.cpp
  CapsuleGeometry.cpp
  FilterData.cpp
  Geometry.cpp
  Material.cpp
  MathUtil.cpp
  ObjectTable.cpp
  Physics.cpp
  PlaneGeometry.cpp
  RigidActor.cpp
  Scene.cpp
  SceneDesc.cpp
  QueryFilterData.cpp
  QueryHit.cpp
  Shape.cpp
  SphereGeometry.cpp
  TolerancesScale.cpp
  Util.cpp
  ShapeUtil.cpp
  .NETCoreApp,Version=v6.0.AssemblyAttributes.cpp
  Actor.obj : MSIL module encountered; incremental linking is disabled for MSIL; performing full link
LINK : warning LNK4098: defaultlib 'MSVCRT' conflicts with use of other libs; use /NODEFAULTLIB:library
  PhysX.Net.vcxproj -> C:\Users\Ant\Downloads\PhysX.Net-412-net6\PhysX.Net-412-net6\PhysX.Net\PhysX.Net\bin\x64\Debug\PhysX.Net.dll
