c:\users\ant\downloads\physx.net-412-net6\physx.net-412-net6\physx.net\physx.net\bin\x64\debug\intermediate\physx.net.pch
c:\users\ant\downloads\physx.net-412-net6\physx.net-412-net6\physx.net\physx.net\bin\x64\debug\intermediate\vc143.pdb
c:\users\ant\downloads\physx.net-412-net6\physx.net-412-net6\physx.net\physx.net\bin\x64\debug\intermediate\stdafx.obj
c:\users\ant\downloads\physx.net-412-net6\physx.net-412-net6\physx.net\physx.net\bin\x64\debug\intermediate\boxcontroller.obj
c:\users\ant\downloads\physx.net-412-net6\physx.net-412-net6\physx.net\physx.net\bin\x64\debug\intermediate\capsulecontroller.obj
c:\users\ant\downloads\physx.net-412-net6\physx.net-412-net6\physx.net\physx.net\bin\x64\debug\intermediate\contactset.obj
c:\users\ant\downloads\physx.net-412-net6\physx.net-412-net6\physx.net\physx.net\bin\x64\debug\intermediate\extendedcontact.obj
c:\users\ant\downloads\physx.net-412-net6\physx.net-412-net6\physx.net\physx.net\bin\x64\debug\intermediate\massproperties.obj
c:\users\ant\downloads\physx.net-412-net6\physx.net-412-net6\physx.net\physx.net\bin\x64\debug\intermediate\controllershit.obj
c:\users\ant\downloads\physx.net-412-net6\physx.net-412-net6\physx.net\physx.net\bin\x64\debug\intermediate\distancejoint.obj
c:\users\ant\downloads\physx.net-412-net6\physx.net-412-net6\physx.net\physx.net\bin\x64\debug\intermediate\joint.obj
c:\users\ant\downloads\physx.net-412-net6\physx.net-412-net6\physx.net\physx.net\bin\x64\debug\intermediate\querycache.obj
c:\users\ant\downloads\physx.net-412-net6\physx.net-412-net6\physx.net\physx.net\bin\x64\debug\intermediate\locationhit.obj
c:\users\ant\downloads\physx.net-412-net6\physx.net-412-net6\physx.net\physx.net\bin\x64\debug\intermediate\trianglemeshenum.obj
c:\users\ant\downloads\physx.net-412-net6\physx.net-412-net6\physx.net\physx.net\bin\x64\debug\intermediate\trianglemeshgeometry.obj
c:\users\ant\downloads\physx.net-412-net6\physx.net-412-net6\physx.net\physx.net\bin\x64\debug\intermediate\vehicledrivesimdata4w.obj
c:\users\ant\downloads\physx.net-412-net6\physx.net-412-net6\physx.net\physx.net\bin\x64\debug\intermediate\vehicletyredata.obj
c:\users\ant\downloads\physx.net-412-net6\physx.net-412-net6\physx.net\physx.net\bin\x64\debug\intermediate\filterdata.obj
c:\users\ant\downloads\physx.net-412-net6\physx.net-412-net6\physx.net\physx.net\bin\x64\debug\intermediate\spheregeometry.obj
c:\users\ant\downloads\physx.net-412-net6\physx.net-412-net6\physx.net\physx.net\bin\x64\debug\intermediate\batchquery.obj
c:\users\ant\downloads\physx.net-412-net6\physx.net-412-net6\physx.net\physx.net\bin\x64\debug\intermediate\bvh33midphasedesc.obj
c:\users\ant\downloads\physx.net-412-net6\physx.net-412-net6\physx.net\physx.net\bin\x64\debug\intermediate\contactpatch.obj
c:\users\ant\downloads\physx.net-412-net6\physx.net-412-net6\physx.net\physx.net\bin\x64\debug\intermediate\cudacontextmanager.obj
c:\users\ant\downloads\physx.net-412-net6\physx.net-412-net6\physx.net\physx.net\bin\x64\debug\intermediate\jointlinearlimit.obj
c:\users\ant\downloads\physx.net-412-net6\physx.net-412-net6\physx.net\physx.net\bin\x64\debug\intermediate\convexmeshgeometry.obj
c:\users\ant\downloads\physx.net-412-net6\physx.net-412-net6\physx.net\physx.net\bin\x64\debug\intermediate\fixedsizelookuptable.obj
c:\users\ant\downloads\physx.net-412-net6\physx.net-412-net6\physx.net\physx.net\bin\x64\debug\intermediate\jointlimitcone.obj
c:\users\ant\downloads\physx.net-412-net6\physx.net-412-net6\physx.net\physx.net\bin\x64\debug\intermediate\overlaphit.obj
c:\users\ant\downloads\physx.net-412-net6\physx.net-412-net6\physx.net\physx.net\bin\x64\debug\intermediate\rigidstatic.obj
c:\users\ant\downloads\physx.net-412-net6\physx.net-412-net6\physx.net\physx.net\bin\x64\debug\intermediate\simulationeventcallback.obj
c:\users\ant\downloads\physx.net-412-net6\physx.net-412-net6\physx.net\physx.net\bin\x64\debug\intermediate\vehiclewheelconcurrentupdatedata.obj
c:\users\ant\downloads\physx.net-412-net6\physx.net-412-net6\physx.net\physx.net\bin\x64\debug\intermediate\vehicledrive.obj
c:\users\ant\downloads\physx.net-412-net6\physx.net-412-net6\physx.net\physx.net\bin\x64\debug\intermediate\vehiclesuspensiondata.obj
c:\users\ant\downloads\physx.net-412-net6\physx.net-412-net6\physx.net\physx.net\bin\x64\debug\intermediate\capsulegeometry.obj
c:\users\ant\downloads\physx.net-412-net6\physx.net-412-net6\physx.net\physx.net\bin\x64\debug\intermediate\queryhit.obj
c:\users\ant\downloads\physx.net-412-net6\physx.net-412-net6\physx.net\physx.net\bin\x64\debug\intermediate\articulation.obj
c:\users\ant\downloads\physx.net-412-net6\physx.net-412-net6\physx.net\physx.net\bin\x64\debug\intermediate\constraintshadertable.obj
c:\users\ant\downloads\physx.net-412-net6\physx.net-412-net6\physx.net\physx.net\bin\x64\debug\intermediate\constraint.obj
c:\users\ant\downloads\physx.net-412-net6\physx.net-412-net6\physx.net\physx.net\bin\x64\debug\intermediate\igpuloadhook.obj
c:\users\ant\downloads\physx.net-412-net6\physx.net-412-net6\physx.net\physx.net\bin\x64\debug\intermediate\modifiablecontact.obj
c:\users\ant\downloads\physx.net-412-net6\physx.net-412-net6\physx.net\physx.net\bin\x64\debug\intermediate\convexmesh.obj
c:\users\ant\downloads\physx.net-412-net6\physx.net-412-net6\physx.net\physx.net\bin\x64\debug\intermediate\errorcallback.obj
c:\users\ant\downloads\physx.net-412-net6\physx.net-412-net6\physx.net\physx.net\bin\x64\debug\intermediate\inputstream.obj
c:\users\ant\downloads\physx.net-412-net6\physx.net-412-net6\physx.net\physx.net\bin\x64\debug\intermediate\operationfailedexception.obj
c:\users\ant\downloads\physx.net-412-net6\physx.net-412-net6\physx.net\physx.net\bin\x64\debug\intermediate\rigidactorext.obj
c:\users\ant\downloads\physx.net-412-net6\physx.net-412-net6\physx.net\physx.net\bin\x64\debug\intermediate\simpletrianglemesh.obj
c:\users\ant\downloads\physx.net-412-net6\physx.net-412-net6\physx.net\physx.net\bin\x64\debug\intermediate\vectorandmatrixextensions.obj
c:\users\ant\downloads\physx.net-412-net6\physx.net-412-net6\physx.net\physx.net\bin\x64\debug\intermediate\vehicleautoboxdata.obj
c:\users\ant\downloads\physx.net-412-net6\physx.net-412-net6\physx.net\physx.net\bin\x64\debug\intermediate\vehiclegearsdata.obj
c:\users\ant\downloads\physx.net-412-net6\physx.net-412-net6\physx.net\physx.net\bin\x64\debug\intermediate\xmlparseroptions.obj
c:\users\ant\downloads\physx.net-412-net6\physx.net-412-net6\physx.net\physx.net\bin\x64\debug\intermediate\physics.obj
c:\users\ant\downloads\physx.net-412-net6\physx.net-412-net6\physx.net\physx.net\bin\x64\debug\intermediate\actorshape.obj
c:\users\ant\downloads\physx.net-412-net6\physx.net-412-net6\physx.net\physx.net\bin\x64\debug\intermediate\broadphase.obj
c:\users\ant\downloads\physx.net-412-net6\physx.net-412-net6\physx.net\physx.net\bin\x64\debug\intermediate\contactpairheader.obj
c:\users\ant\downloads\physx.net-412-net6\physx.net-412-net6\physx.net\physx.net\bin\x64\debug\intermediate\dominancegrouppair.obj
c:\users\ant\downloads\physx.net-412-net6\physx.net-412-net6\physx.net\physx.net\bin\x64\debug\intermediate\ivehiclecomputetireforceinput.obj
c:\users\ant\downloads\physx.net-412-net6\physx.net-412-net6\physx.net\physx.net\bin\x64\debug\intermediate\controllershapehit.obj
c:\users\ant\downloads\physx.net-412-net6\physx.net-412-net6\physx.net\physx.net\bin\x64\debug\intermediate\debugpoint.obj
c:\users\ant\downloads\physx.net-412-net6\physx.net-412-net6\physx.net\physx.net\bin\x64\debug\intermediate\heightfield.obj
c:\users\ant\downloads\physx.net-412-net6\physx.net-412-net6\physx.net\physx.net\bin\x64\debug\intermediate\lockeddata.obj
c:\users\ant\downloads\physx.net-412-net6\physx.net-412-net6\physx.net\physx.net\bin\x64\debug\intermediate\outputstream.obj
c:\users\ant\downloads\physx.net-412-net6\physx.net-412-net6\physx.net\physx.net\bin\x64\debug\intermediate\rigiddynamic.obj
c:\users\ant\downloads\physx.net-412-net6\physx.net-412-net6\physx.net\physx.net\bin\x64\debug\intermediate\defaultsimulationfiltershader.obj
c:\users\ant\downloads\physx.net-412-net6\physx.net-412-net6\physx.net\physx.net\bin\x64\debug\intermediate\vehicleconcurrentupdatedata.obj
c:\users\ant\downloads\physx.net-412-net6\physx.net-412-net6\physx.net\physx.net\bin\x64\debug\intermediate\vehicleclutchdata.obj
c:\users\ant\downloads\physx.net-412-net6\physx.net-412-net6\physx.net\physx.net\bin\x64\debug\intermediate\vehiclekeysmoothingdata.obj
c:\users\ant\downloads\physx.net-412-net6\physx.net-412-net6\physx.net\physx.net\bin\x64\debug\intermediate\vehiclewheelssimdata.obj
c:\users\ant\downloads\physx.net-412-net6\physx.net-412-net6\physx.net\physx.net\bin\x64\debug\intermediate\rigidactor.obj
c:\users\ant\downloads\physx.net-412-net6\physx.net-412-net6\physx.net\physx.net\bin\x64\debug\intermediate\assemblyinfo.obj
c:\users\ant\downloads\physx.net-412-net6\physx.net-412-net6\physx.net\physx.net\bin\x64\debug\intermediate\broadphasecallback.obj
c:\users\ant\downloads\physx.net-412-net6\physx.net-412-net6\physx.net\physx.net\bin\x64\debug\intermediate\contactpatchbase.obj
c:\users\ant\downloads\physx.net-412-net6\physx.net-412-net6\physx.net\physx.net\bin\x64\debug\intermediate\controllerstate.obj
c:\users\ant\downloads\physx.net-412-net6\physx.net-412-net6\physx.net\physx.net\bin\x64\debug\intermediate\jointangularlimitpair.obj
c:\users\ant\downloads\physx.net-412-net6\physx.net-412-net6\physx.net\physx.net\bin\x64\debug\intermediate\convexmeshdesc.obj
c:\users\ant\downloads\physx.net-412-net6\physx.net-412-net6\physx.net\physx.net\bin\x64\debug\intermediate\defaultmemoryinputdata.obj
c:\users\ant\downloads\physx.net-412-net6\physx.net-412-net6\physx.net\physx.net\bin\x64\debug\intermediate\jointlinearlimitpair.obj
c:\users\ant\downloads\physx.net-412-net6\physx.net-412-net6\physx.net\physx.net\bin\x64\debug\intermediate\physxentity.obj
c:\users\ant\downloads\physx.net-412-net6\physx.net-412-net6\physx.net\physx.net\bin\x64\debug\intermediate\rigidbody.obj
c:\users\ant\downloads\physx.net-412-net6\physx.net-412-net6\physx.net\physx.net\bin\x64\debug\intermediate\simulationfiltercallback.obj
c:\users\ant\downloads\physx.net-412-net6\physx.net-412-net6\physx.net\physx.net\bin\x64\debug\intermediate\vehiclewheelsdyndata.obj
c:\users\ant\downloads\physx.net-412-net6\physx.net-412-net6\physx.net\physx.net\bin\x64\debug\intermediate\vehicledifferential4wdata.obj
c:\users\ant\downloads\physx.net-412-net6\physx.net-412-net6\physx.net\physx.net\bin\x64\debug\intermediate\vehiclesdk.obj
c:\users\ant\downloads\physx.net-412-net6\physx.net-412-net6\physx.net\physx.net\bin\x64\debug\intermediate\material.obj
c:\users\ant\downloads\physx.net-412-net6\physx.net-412-net6\physx.net\physx.net\bin\x64\debug\intermediate\util.obj
c:\users\ant\downloads\physx.net-412-net6\physx.net-412-net6\physx.net\physx.net\bin\x64\debug\intermediate\bitanddata.obj
c:\users\ant\downloads\physx.net-412-net6\physx.net-412-net6\physx.net\physx.net\bin\x64\debug\intermediate\broadphaseext.obj
c:\users\ant\downloads\physx.net-412-net6\physx.net-412-net6\physx.net\physx.net\bin\x64\debug\intermediate\contactpairpoint.obj
c:\users\ant\downloads\physx.net-412-net6\physx.net-412-net6\physx.net\physx.net\bin\x64\debug\intermediate\constraintinfo.obj
c:\users\ant\downloads\physx.net-412-net6\physx.net-412-net6\physx.net\physx.net\bin\x64\debug\intermediate\ivehiclecomputetireforceoutput.obj
c:\users\ant\downloads\physx.net-412-net6\physx.net-412-net6\physx.net\physx.net\bin\x64\debug\intermediate\controllermanager.obj
c:\users\ant\downloads\physx.net-412-net6\physx.net-412-net6\physx.net\physx.net\bin\x64\debug\intermediate\debugtriangle.obj
c:\users\ant\downloads\physx.net-412-net6\physx.net-412-net6\physx.net\physx.net\bin\x64\debug\intermediate\hullpolygon.obj
c:\users\ant\downloads\physx.net-412-net6\physx.net-412-net6\physx.net\physx.net\bin\x64\debug\intermediate\defaultmemoryoutputstream.obj
c:\users\ant\downloads\physx.net-412-net6\physx.net-412-net6\physx.net\physx.net\bin\x64\debug\intermediate\renderbuffer.obj
c:\users\ant\downloads\physx.net-412-net6\physx.net-412-net6\physx.net\physx.net\bin\x64\debug\intermediate\serializationregistry.obj
c:\users\ant\downloads\physx.net-412-net6\physx.net-412-net6\physx.net\physx.net\bin\x64\debug\intermediate\streamextensions.obj
c:\users\ant\downloads\physx.net-412-net6\physx.net-412-net6\physx.net\physx.net\bin\x64\debug\intermediate\triggerpair.obj
c:\users\ant\downloads\physx.net-412-net6\physx.net-412-net6\physx.net\physx.net\bin\x64\debug\intermediate\vehiclegraph.obj
c:\users\ant\downloads\physx.net-412-net6\physx.net-412-net6\physx.net\physx.net\bin\x64\debug\intermediate\vehiclewheelqueryresult.obj
c:\users\ant\downloads\physx.net-412-net6\physx.net-412-net6\physx.net\physx.net\bin\x64\debug\intermediate\objecttable.obj
c:\users\ant\downloads\physx.net-412-net6\physx.net-412-net6\physx.net\physx.net\bin\x64\debug\intermediate\articulationlink.obj
c:\users\ant\downloads\physx.net-412-net6\physx.net-412-net6\physx.net\physx.net\bin\x64\debug\intermediate\contactmodifypair.obj
c:\users\ant\downloads\physx.net-412-net6\physx.net-412-net6\physx.net\physx.net\bin\x64\debug\intermediate\constraintdesc.obj
c:\users\ant\downloads\physx.net-412-net6\physx.net-412-net6\physx.net\physx.net\bin\x64\debug\intermediate\internalraycastcallback.obj
c:\users\ant\downloads\physx.net-412-net6\physx.net-412-net6\physx.net\physx.net\bin\x64\debug\intermediate\controllerbehaviorcallback.obj
c:\users\ant\downloads\physx.net-412-net6\physx.net-412-net6\physx.net\physx.net\bin\x64\debug\intermediate\cookingparams.obj
c:\users\ant\downloads\physx.net-412-net6\physx.net-412-net6\physx.net\physx.net\bin\x64\debug\intermediate\foundation.obj
c:\users\ant\downloads\physx.net-412-net6\physx.net-412-net6\physx.net\physx.net\bin\x64\debug\intermediate\meshscale.obj
c:\users\ant\downloads\physx.net-412-net6\physx.net-412-net6\physx.net\physx.net\bin\x64\debug\intermediate\raycastccdmanager.obj
c:\users\ant\downloads\physx.net-412-net6\physx.net-412-net6\physx.net\physx.net\bin\x64\debug\intermediate\scenesweepoperationobject.obj
c:\users\ant\downloads\physx.net-412-net6\physx.net-412-net6\physx.net\physx.net\bin\x64\debug\intermediate\sphericaljoint.obj
c:\users\ant\downloads\physx.net-412-net6\physx.net-412-net6\physx.net\physx.net\bin\x64\debug\intermediate\vehicleackermanngeometrydata.obj
c:\users\ant\downloads\physx.net-412-net6\physx.net-412-net6\physx.net\physx.net\bin\x64\debug\intermediate\vehicleenginedata.obj
c:\users\ant\downloads\physx.net-412-net6\physx.net-412-net6\physx.net\physx.net\bin\x64\debug\intermediate\vehiclewheeldata.obj
c:\users\ant\downloads\physx.net-412-net6\physx.net-412-net6\physx.net\physx.net\bin\x64\debug\intermediate\geometry.obj
c:\users\ant\downloads\physx.net-412-net6\physx.net-412-net6\physx.net\physx.net\bin\x64\debug\intermediate\shape.obj
c:\users\ant\downloads\physx.net-412-net6\physx.net-412-net6\physx.net\physx.net\bin\x64\debug\intermediate\actor.obj
c:\users\ant\downloads\physx.net-412-net6\physx.net-412-net6\physx.net\physx.net\bin\x64\debug\intermediate\boxobstacle.obj
c:\users\ant\downloads\physx.net-412-net6\physx.net-412-net6\physx.net\physx.net\bin\x64\debug\intermediate\contactpair.obj
c:\users\ant\downloads\physx.net-412-net6\physx.net-412-net6\physx.net\physx.net\bin\x64\debug\intermediate\controllerstats.obj
c:\users\ant\downloads\physx.net-412-net6\physx.net-412-net6\physx.net\physx.net\bin\x64\debug\intermediate\internalsweepcallback.obj
c:\users\ant\downloads\physx.net-412-net6\physx.net-412-net6\physx.net\physx.net\bin\x64\debug\intermediate\controllerobstaclehit.obj
c:\users\ant\downloads\physx.net-412-net6\physx.net-412-net6\physx.net\physx.net\bin\x64\debug\intermediate\debugtext.obj
c:\users\ant\downloads\physx.net-412-net6\physx.net-412-net6\physx.net\physx.net\bin\x64\debug\intermediate\heightfieldgeometry.obj
c:\users\ant\downloads\physx.net-412-net6\physx.net-412-net6\physx.net\physx.net\bin\x64\debug\intermediate\obstacle.obj
c:\users\ant\downloads\physx.net-412-net6\physx.net-412-net6\physx.net\physx.net\bin\x64\debug\intermediate\raycastqueryresult.obj
c:\users\ant\downloads\physx.net-412-net6\physx.net-412-net6\physx.net\physx.net\bin\x64\debug\intermediate\serializable.obj
c:\users\ant\downloads\physx.net-412-net6\physx.net-412-net6\physx.net\physx.net\bin\x64\debug\intermediate\simulationstatistics.obj
c:\users\ant\downloads\physx.net-412-net6\physx.net-412-net6\physx.net\physx.net\bin\x64\debug\intermediate\trianglemesh.obj
c:\users\ant\downloads\physx.net-412-net6\physx.net-412-net6\physx.net\physx.net\bin\x64\debug\intermediate\vehicledrivedyndata.obj
c:\users\ant\downloads\physx.net-412-net6\physx.net-412-net6\physx.net\physx.net\bin\x64\debug\intermediate\vehicletireloadfilterdata.obj
c:\users\ant\downloads\physx.net-412-net6\physx.net-412-net6\physx.net\physx.net\bin\x64\debug\intermediate\mathutil.obj
c:\users\ant\downloads\physx.net-412-net6\physx.net-412-net6\physx.net\physx.net\bin\x64\debug\intermediate\tolerancesscale.obj
c:\users\ant\downloads\physx.net-412-net6\physx.net-412-net6\physx.net\physx.net\bin\x64\debug\intermediate\bounds3.obj
c:\users\ant\downloads\physx.net-412-net6\physx.net-412-net6\physx.net\physx.net\bin\x64\debug\intermediate\capsulecontrollerdesc.obj
c:\users\ant\downloads\physx.net-412-net6\physx.net-412-net6\physx.net\physx.net\bin\x64\debug\intermediate\constraintconnector.obj
c:\users\ant\downloads\physx.net-412-net6\physx.net-412-net6\physx.net\physx.net\bin\x64\debug\intermediate\gpuloadhookmanager.obj
c:\users\ant\downloads\physx.net-412-net6\physx.net-412-net6\physx.net\physx.net\bin\x64\debug\intermediate\controller.obj
c:\users\ant\downloads\physx.net-412-net6\physx.net-412-net6\physx.net\physx.net\bin\x64\debug\intermediate\d6joint.obj
c:\users\ant\downloads\physx.net-412-net6\physx.net-412-net6\physx.net\physx.net\bin\x64\debug\intermediate\inputdata.obj
c:\users\ant\downloads\physx.net-412-net6\physx.net-412-net6\physx.net\physx.net\bin\x64\debug\intermediate\obstaclecontext.obj
c:\users\ant\downloads\physx.net-412-net6\physx.net-412-net6\physx.net\physx.net\bin\x64\debug\intermediate\revolutejoint.obj
c:\users\ant\downloads\physx.net-412-net6\physx.net-412-net6\physx.net\physx.net\bin\x64\debug\intermediate\simplecontact.obj
c:\users\ant\downloads\physx.net-412-net6\physx.net-412-net6\physx.net\physx.net\bin\x64\debug\intermediate\transform.obj
c:\users\ant\downloads\physx.net-412-net6\physx.net-412-net6\physx.net\physx.net\bin\x64\debug\intermediate\usercontrollerhitreport.obj
c:\users\ant\downloads\physx.net-412-net6\physx.net-412-net6\physx.net\physx.net\bin\x64\debug\intermediate\vehiclegraphchanneldesc.obj
c:\users\ant\downloads\physx.net-412-net6\physx.net-412-net6\physx.net\physx.net\bin\x64\debug\intermediate\vehiclewheels.obj
c:\users\ant\downloads\physx.net-412-net6\physx.net-412-net6\physx.net\physx.net\bin\x64\debug\intermediate\scene.obj
c:\users\ant\downloads\physx.net-412-net6\physx.net-412-net6\physx.net\physx.net\bin\x64\debug\intermediate\articulationjoint.obj
c:\users\ant\downloads\physx.net-412-net6\physx.net-412-net6\physx.net\physx.net\bin\x64\debug\intermediate\contactmodifycallback.obj
c:\users\ant\downloads\physx.net-412-net6\physx.net-412-net6\physx.net\physx.net\bin\x64\debug\intermediate\constraint1d.obj
c:\users\ant\downloads\physx.net-412-net6\physx.net-412-net6\physx.net\physx.net\bin\x64\debug\intermediate\geometryquery.obj
c:\users\ant\downloads\physx.net-412-net6\physx.net-412-net6\physx.net\physx.net\bin\x64\debug\intermediate\controllerdesc.obj
c:\users\ant\downloads\physx.net-412-net6\physx.net-412-net6\physx.net\physx.net\bin\x64\debug\intermediate\d6jointdrive.obj
c:\users\ant\downloads\physx.net-412-net6\physx.net-412-net6\physx.net\physx.net\bin\x64\debug\intermediate\heightfielddesc.obj
c:\users\ant\downloads\physx.net-412-net6\physx.net-412-net6\physx.net\physx.net\bin\x64\debug\intermediate\objecttable.disposal.obj
c:\users\ant\downloads\physx.net-412-net6\physx.net-412-net6\physx.net\physx.net\bin\x64\debug\intermediate\queryfiltercallback.obj
c:\users\ant\downloads\physx.net-412-net6\physx.net-412-net6\physx.net\physx.net\bin\x64\debug\intermediate\scenelimits.obj
c:\users\ant\downloads\physx.net-412-net6\physx.net-412-net6\physx.net\physx.net\bin\x64\debug\intermediate\spring.obj
c:\users\ant\downloads\physx.net-412-net6\physx.net-412-net6\physx.net\physx.net\bin\x64\debug\intermediate\trianglemeshdesc.obj
c:\users\ant\downloads\physx.net-412-net6\physx.net-412-net6\physx.net\physx.net\bin\x64\debug\intermediate\vehicledrive4w.obj
c:\users\ant\downloads\physx.net-412-net6\physx.net-412-net6\physx.net\physx.net\bin\x64\debug\intermediate\pvd.obj
c:\users\ant\downloads\physx.net-412-net6\physx.net-412-net6\physx.net\physx.net\bin\x64\debug\intermediate\queryfilterdata.obj
c:\users\ant\downloads\physx.net-412-net6\physx.net-412-net6\physx.net\physx.net\bin\x64\debug\intermediate\aggregate.obj
c:\users\ant\downloads\physx.net-412-net6\physx.net-412-net6\physx.net\physx.net\bin\x64\debug\intermediate\bvh34midphasedesc.obj
c:\users\ant\downloads\physx.net-412-net6\physx.net-412-net6\physx.net\physx.net\bin\x64\debug\intermediate\controllerhit.obj
c:\users\ant\downloads\physx.net-412-net6\physx.net-412-net6\physx.net\physx.net\bin\x64\debug\intermediate\geometryholder.obj
c:\users\ant\downloads\physx.net-412-net6\physx.net-412-net6\physx.net\physx.net\bin\x64\debug\intermediate\midphasedesc.obj
c:\users\ant\downloads\physx.net-412-net6\physx.net-412-net6\physx.net\physx.net\bin\x64\debug\intermediate\cooking.obj
c:\users\ant\downloads\physx.net-412-net6\physx.net-412-net6\physx.net\physx.net\bin\x64\debug\intermediate\fixedjoint.obj
c:\users\ant\downloads\physx.net-412-net6\physx.net-412-net6\physx.net\physx.net\bin\x64\debug\intermediate\jointlimitparameters.obj
c:\users\ant\downloads\physx.net-412-net6\physx.net-412-net6\physx.net\physx.net\bin\x64\debug\intermediate\prismaticjoint.obj
c:\users\ant\downloads\physx.net-412-net6\physx.net-412-net6\physx.net\physx.net\bin\x64\debug\intermediate\serialization.obj
c:\users\ant\downloads\physx.net-412-net6\physx.net-412-net6\physx.net\physx.net\bin\x64\debug\intermediate\vehicleantirollbardata.obj
c:\users\ant\downloads\physx.net-412-net6\physx.net-412-net6\physx.net\physx.net\bin\x64\debug\intermediate\vehiclechassisdata.obj
c:\users\ant\downloads\physx.net-412-net6\physx.net-412-net6\physx.net\physx.net\bin\x64\debug\intermediate\vehiclepadsmoothingdata.obj
c:\users\ant\downloads\physx.net-412-net6\physx.net-412-net6\physx.net\physx.net\bin\x64\debug\intermediate\boxgeometry.obj
c:\users\ant\downloads\physx.net-412-net6\physx.net-412-net6\physx.net\physx.net\bin\x64\debug\intermediate\scenedesc.obj
c:\users\ant\downloads\physx.net-412-net6\physx.net-412-net6\physx.net\physx.net\bin\x64\debug\intermediate\boxcontrollerdesc.obj
c:\users\ant\downloads\physx.net-412-net6\physx.net-412-net6\physx.net\physx.net\bin\x64\debug\intermediate\capsuleobstacle.obj
c:\users\ant\downloads\physx.net-412-net6\physx.net-412-net6\physx.net\physx.net\bin\x64\debug\intermediate\collection.obj
c:\users\ant\downloads\physx.net-412-net6\physx.net-412-net6\physx.net\physx.net\bin\x64\debug\intermediate\internaloverlapcallback.obj
c:\users\ant\downloads\physx.net-412-net6\physx.net-412-net6\physx.net\physx.net\bin\x64\debug\intermediate\controllerfilters.obj
c:\users\ant\downloads\physx.net-412-net6\physx.net-412-net6\physx.net\physx.net\bin\x64\debug\intermediate\debugline.obj
c:\users\ant\downloads\physx.net-412-net6\physx.net-412-net6\physx.net\physx.net\bin\x64\debug\intermediate\heightfieldsample.obj
c:\users\ant\downloads\physx.net-412-net6\physx.net-412-net6\physx.net\physx.net\bin\x64\debug\intermediate\objecttable.get.obj
c:\users\ant\downloads\physx.net-412-net6\physx.net-412-net6\physx.net\physx.net\bin\x64\debug\intermediate\raycasthit.obj
c:\users\ant\downloads\physx.net-412-net6\physx.net-412-net6\physx.net\physx.net\bin\x64\debug\intermediate\runtimefilechecks.obj
c:\users\ant\downloads\physx.net-412-net6\physx.net-412-net6\physx.net\physx.net\bin\x64\debug\intermediate\simulationfiltershader.obj
c:\users\ant\downloads\physx.net-412-net6\physx.net-412-net6\physx.net\physx.net\bin\x64\debug\intermediate\sweephit.obj
c:\users\ant\downloads\physx.net-412-net6\physx.net-412-net6\physx.net\physx.net\bin\x64\debug\intermediate\vehicledrivesimdata.obj
c:\users\ant\downloads\physx.net-412-net6\physx.net-412-net6\physx.net\physx.net\bin\x64\debug\intermediate\vehiclewheelvalues.obj
c:\users\ant\downloads\physx.net-412-net6\physx.net-412-net6\physx.net\physx.net\bin\x64\debug\intermediate\planegeometry.obj
c:\users\ant\downloads\physx.net-412-net6\physx.net-412-net6\physx.net\physx.net\bin\x64\debug\intermediate\shapeutil.obj
c:\users\ant\downloads\physx.net-412-net6\physx.net-412-net6\physx.net\physx.net\bin\x64\debug\intermediate\.netcoreapp,version=v6.0.assemblyattributes.obj
c:\users\ant\downloads\physx.net-412-net6\physx.net-412-net6\physx.net\physx.net\bin\x64\debug\physx.net.dll
c:\users\ant\downloads\physx.net-412-net6\physx.net-412-net6\physx.net\physx.net\bin\x64\debug\physx.net.pdb
c:\users\ant\downloads\physx.net-412-net6\physx.net-412-net6\physx.net\physx.net\bin\x64\debug\intermediate\version.res
c:\users\ant\downloads\physx.net-412-net6\physx.net-412-net6\physx.net\physx.net\bin\x64\debug\intermediate\physx.net.vcxproj.filelistabsolute.txt
c:\users\ant\downloads\physx.net-412-net6\physx.net-412-net6\physx.net\physx.net\bin\x64\debug\intermediate\physx.net.tlog\cl.command.1.tlog
c:\users\ant\downloads\physx.net-412-net6\physx.net-412-net6\physx.net\physx.net\bin\x64\debug\intermediate\physx.net.tlog\cl.items.tlog
c:\users\ant\downloads\physx.net-412-net6\physx.net-412-net6\physx.net\physx.net\bin\x64\debug\intermediate\physx.net.tlog\cl.read.1.tlog
c:\users\ant\downloads\physx.net-412-net6\physx.net-412-net6\physx.net\physx.net\bin\x64\debug\intermediate\physx.net.tlog\cl.write.1.tlog
c:\users\ant\downloads\physx.net-412-net6\physx.net-412-net6\physx.net\physx.net\bin\x64\debug\intermediate\physx.net.tlog\link.command.1.tlog
c:\users\ant\downloads\physx.net-412-net6\physx.net-412-net6\physx.net\physx.net\bin\x64\debug\intermediate\physx.net.tlog\link.read.1.tlog
c:\users\ant\downloads\physx.net-412-net6\physx.net-412-net6\physx.net\physx.net\bin\x64\debug\intermediate\physx.net.tlog\link.write.1.tlog
c:\users\ant\downloads\physx.net-412-net6\physx.net-412-net6\physx.net\physx.net\bin\x64\debug\intermediate\physx.net.tlog\rc.command.1.tlog
c:\users\ant\downloads\physx.net-412-net6\physx.net-412-net6\physx.net\physx.net\bin\x64\debug\intermediate\physx.net.tlog\rc.read.1.tlog
c:\users\ant\downloads\physx.net-412-net6\physx.net-412-net6\physx.net\physx.net\bin\x64\debug\intermediate\physx.net.tlog\rc.write.1.tlog
